{"E:\\Sites\\my-app\\server\\src\\index.ts": {"path":"E:\\Sites\\my-app\\server\\src\\index.ts","statementMap":{"0":{"start":{"line":1,"column":13},"end":{"line":1,"column":28}},"1":{"start":{"line":2,"column":0},"end":{"line":2,"column":30}},"2":{"start":{"line":3,"column":13},"end":{"line":3,"column":29}},"3":{"start":{"line":4,"column":13},"end":{"line":4,"column":17}},"4":{"start":{"line":5,"column":0},"end":{"line":5,"column":38}},"5":{"start":{"line":6,"column":0},"end":{"line":6,"column":59}},"6":{"start":{"line":8,"column":22},"end":{"line":8,"column":35}},"7":{"start":{"line":10,"column":27},"end":{"line":10,"column":41}},"8":{"start":{"line":12,"column":0},"end":{"line":12,"column":46}},"9":{"start":{"line":13,"column":0},"end":{"line":13,"column":28}},"10":{"start":{"line":15,"column":0},"end":{"line":17,"column":3}},"11":{"start":{"line":16,"column":4},"end":{"line":16,"column":60}},"12":{"start":{"line":19,"column":0},"end":{"line":21,"column":3}},"13":{"start":{"line":20,"column":4},"end":{"line":20,"column":37}},"14":{"start":{"line":23,"column":0},"end":{"line":33,"column":3}},"15":{"start":{"line":24,"column":15},"end":{"line":24,"column":38}},"16":{"start":{"line":26,"column":4},"end":{"line":32,"column":null}},"17":{"start":{"line":27,"column":8},"end":{"line":27,"column":75}},"18":{"start":{"line":28,"column":8},"end":{"line":28,"column":15}},"19":{"start":{"line":30,"column":8},"end":{"line":30,"column":79}},"20":{"start":{"line":31,"column":8},"end":{"line":31,"column":15}},"21":{"start":{"line":35,"column":0},"end":{"line":48,"column":3}},"22":{"start":{"line":36,"column":29},"end":{"line":36,"column":37}},"23":{"start":{"line":38,"column":4},"end":{"line":43,"column":null}},"24":{"start":{"line":39,"column":8},"end":{"line":41,"column":10}},"25":{"start":{"line":42,"column":8},"end":{"line":42,"column":15}},"26":{"start":{"line":45,"column":24},"end":{"line":45,"column":57}},"27":{"start":{"line":47,"column":4},"end":{"line":47,"column":66}},"28":{"start":{"line":50,"column":0},"end":{"line":69,"column":3}},"29":{"start":{"line":51,"column":15},"end":{"line":51,"column":38}},"30":{"start":{"line":52,"column":29},"end":{"line":52,"column":37}},"31":{"start":{"line":54,"column":4},"end":{"line":57,"column":null}},"32":{"start":{"line":55,"column":8},"end":{"line":55,"column":79}},"33":{"start":{"line":56,"column":8},"end":{"line":56,"column":15}},"34":{"start":{"line":59,"column":4},"end":{"line":64,"column":null}},"35":{"start":{"line":60,"column":8},"end":{"line":62,"column":10}},"36":{"start":{"line":63,"column":8},"end":{"line":63,"column":15}},"37":{"start":{"line":66,"column":24},"end":{"line":66,"column":64}},"38":{"start":{"line":68,"column":4},"end":{"line":68,"column":61}},"39":{"start":{"line":71,"column":0},"end":{"line":81,"column":3}},"40":{"start":{"line":72,"column":15},"end":{"line":72,"column":38}},"41":{"start":{"line":73,"column":4},"end":{"line":76,"column":null}},"42":{"start":{"line":74,"column":8},"end":{"line":74,"column":79}},"43":{"start":{"line":75,"column":8},"end":{"line":75,"column":15}},"44":{"start":{"line":78,"column":4},"end":{"line":78,"column":29}},"45":{"start":{"line":80,"column":4},"end":{"line":80,"column":52}},"46":{"start":{"line":83,"column":0},"end":{"line":86,"column":3}},"47":{"start":{"line":84,"column":4},"end":{"line":84,"column":26}},"48":{"start":{"line":85,"column":4},"end":{"line":85,"column":46}},"49":{"start":{"line":88,"column":0},"end":{"line":90,"column":3}},"50":{"start":{"line":89,"column":4},"end":{"line":89,"column":57}}},"fnMap":{"0":{"name":"(anonymous_1)","decl":{"start":{"line":15,"column":13},"end":{"line":15,"column":14}},"loc":{"start":{"line":15,"column":26},"end":{"line":17,"column":1}}},"1":{"name":"(anonymous_2)","decl":{"start":{"line":19,"column":17},"end":{"line":19,"column":18}},"loc":{"start":{"line":19,"column":30},"end":{"line":21,"column":1}}},"2":{"name":"(anonymous_3)","decl":{"start":{"line":23,"column":21},"end":{"line":23,"column":22}},"loc":{"start":{"line":23,"column":34},"end":{"line":33,"column":1}}},"3":{"name":"(anonymous_4)","decl":{"start":{"line":35,"column":18},"end":{"line":35,"column":19}},"loc":{"start":{"line":35,"column":31},"end":{"line":48,"column":1}}},"4":{"name":"(anonymous_5)","decl":{"start":{"line":50,"column":21},"end":{"line":50,"column":22}},"loc":{"start":{"line":50,"column":34},"end":{"line":69,"column":1}}},"5":{"name":"(anonymous_6)","decl":{"start":{"line":71,"column":21},"end":{"line":71,"column":22}},"loc":{"start":{"line":71,"column":34},"end":{"line":81,"column":1}}},"6":{"name":"(anonymous_7)","decl":{"start":{"line":83,"column":44},"end":{"line":83,"column":45}},"loc":{"start":{"line":83,"column":57},"end":{"line":86,"column":1}}},"7":{"name":"(anonymous_8)","decl":{"start":{"line":88,"column":17},"end":{"line":88,"column":20}},"loc":{"start":{"line":88,"column":22},"end":{"line":90,"column":1}}}},"branchMap":{"0":{"loc":{"start":{"line":26,"column":4},"end":{"line":32,"column":null}},"type":"if","locations":[{"start":{"line":26,"column":4},"end":{"line":32,"column":null}},{"start":{"line":29,"column":11},"end":{"line":32,"column":null}}]},"1":{"loc":{"start":{"line":38,"column":4},"end":{"line":43,"column":null}},"type":"if","locations":[{"start":{"line":38,"column":4},"end":{"line":43,"column":null}}]},"2":{"loc":{"start":{"line":38,"column":8},"end":{"line":38,"column":62}},"type":"binary-expr","locations":[{"start":{"line":38,"column":8},"end":{"line":38,"column":14}},{"start":{"line":38,"column":18},"end":{"line":38,"column":31}},{"start":{"line":38,"column":35},"end":{"line":38,"column":43}},{"start":{"line":38,"column":47},"end":{"line":38,"column":62}}]},"3":{"loc":{"start":{"line":54,"column":4},"end":{"line":57,"column":null}},"type":"if","locations":[{"start":{"line":54,"column":4},"end":{"line":57,"column":null}}]},"4":{"loc":{"start":{"line":59,"column":4},"end":{"line":64,"column":null}},"type":"if","locations":[{"start":{"line":59,"column":4},"end":{"line":64,"column":null}}]},"5":{"loc":{"start":{"line":59,"column":8},"end":{"line":59,"column":62}},"type":"binary-expr","locations":[{"start":{"line":59,"column":8},"end":{"line":59,"column":14}},{"start":{"line":59,"column":18},"end":{"line":59,"column":31}},{"start":{"line":59,"column":35},"end":{"line":59,"column":43}},{"start":{"line":59,"column":47},"end":{"line":59,"column":62}}]},"6":{"loc":{"start":{"line":73,"column":4},"end":{"line":76,"column":null}},"type":"if","locations":[{"start":{"line":73,"column":4},"end":{"line":76,"column":null}}]}},"s":{"0":1,"1":1,"2":1,"3":1,"4":1,"5":1,"6":1,"7":1,"8":1,"9":1,"10":1,"11":0,"12":1,"13":0,"14":1,"15":0,"16":0,"17":0,"18":0,"19":0,"20":0,"21":1,"22":0,"23":0,"24":0,"25":0,"26":0,"27":0,"28":1,"29":0,"30":0,"31":0,"32":0,"33":0,"34":0,"35":0,"36":0,"37":0,"38":0,"39":1,"40":0,"41":0,"42":0,"43":0,"44":0,"45":0,"46":1,"47":1,"48":1,"49":1,"50":1},"f":{"0":0,"1":0,"2":0,"3":0,"4":0,"5":0,"6":1,"7":1},"b":{"0":[0,0],"1":[0],"2":[0,0,0,0],"3":[0],"4":[0],"5":[0,0,0,0],"6":[0]}}
,"E:\\Sites\\my-app\\server\\src\\assets\\helper.ts": {"path":"E:\\Sites\\my-app\\server\\src\\assets\\helper.ts","statementMap":{"0":{"start":{"line":1,"column":13},"end":{"line":8,"column":2}},"1":{"start":{"line":16,"column":8},"end":{"line":16,"column":52}},"2":{"start":{"line":17,"column":8},"end":{"line":17,"column":25}},"3":{"start":{"line":18,"column":8},"end":{"line":18,"column":31}},"4":{"start":{"line":22,"column":23},"end":{"line":24,"column":1}},"5":{"start":{"line":23,"column":4},"end":{"line":23,"column":45}},"6":{"start":{"line":22,"column":13},"end":{"line":22,"column":23}},"7":{"start":{"line":26,"column":21},"end":{"line":28,"column":1}},"8":{"start":{"line":27,"column":4},"end":{"line":27,"column":51}},"9":{"start":{"line":26,"column":13},"end":{"line":26,"column":21}}},"fnMap":{"0":{"name":"(anonymous_0)","decl":{"start":{"line":15,"column":4},"end":{"line":15,"column":16}},"loc":{"start":{"line":15,"column":62},"end":{"line":19,"column":5}}},"1":{"name":"(anonymous_1)","decl":{"start":{"line":22,"column":23},"end":{"line":22,"column":24}},"loc":{"start":{"line":22,"column":52},"end":{"line":24,"column":1}}},"2":{"name":"(anonymous_2)","decl":{"start":{"line":26,"column":21},"end":{"line":26,"column":22}},"loc":{"start":{"line":26,"column":61},"end":{"line":28,"column":1}}}},"branchMap":{"0":{"loc":{"start":{"line":16,"column":20},"end":{"line":16,"column":51}},"type":"cond-expr","locations":[{"start":{"line":16,"column":32},"end":{"line":16,"column":41}},{"start":{"line":16,"column":44},"end":{"line":16,"column":51}}]},"1":{"loc":{"start":{"line":26,"column":22},"end":{"line":26,"column":42}},"type":"default-arg","locations":[{"start":{"line":26,"column":40},"end":{"line":26,"column":42}}]}},"s":{"0":1,"1":0,"2":0,"3":0,"4":1,"5":0,"6":1,"7":1,"8":0,"9":1},"f":{"0":0,"1":0,"2":0},"b":{"0":[0,0],"1":[0]}}
,"E:\\Sites\\my-app\\server\\src\\assets\\items.ts": {"path":"E:\\Sites\\my-app\\server\\src\\assets\\items.ts","statementMap":{"0":{"start":{"line":1,"column":12},"end":{"line":1,"column":35}},"1":{"start":{"line":3,"column":13},"end":{"line":4,"column":32}},"2":{"start":{"line":4,"column":4},"end":{"line":4,"column":32}},"3":{"start":{"line":6,"column":24},"end":{"line":7,"column":46}},"4":{"start":{"line":7,"column":4},"end":{"line":7,"column":46}},"5":{"start":{"line":6,"column":13},"end":{"line":6,"column":24}},"6":{"start":{"line":9,"column":21},"end":{"line":30,"column":2}},"7":{"start":{"line":9,"column":42},"end":{"line":30,"column":2}},"8":{"start":{"line":9,"column":13},"end":{"line":9,"column":21}},"9":{"start":{"line":32,"column":24},"end":{"line":53,"column":2}},"10":{"start":{"line":32,"column":45},"end":{"line":53,"column":2}},"11":{"start":{"line":32,"column":13},"end":{"line":32,"column":24}},"12":{"start":{"line":55,"column":22},"end":{"line":76,"column":2}},"13":{"start":{"line":55,"column":43},"end":{"line":76,"column":2}},"14":{"start":{"line":55,"column":13},"end":{"line":55,"column":22}},"15":{"start":{"line":78,"column":29},"end":{"line":99,"column":1}},"16":{"start":{"line":79,"column":29},"end":{"line":79,"column":46}},"17":{"start":{"line":80,"column":29},"end":{"line":80,"column":44}},"18":{"start":{"line":81,"column":32},"end":{"line":81,"column":50}},"19":{"start":{"line":82,"column":30},"end":{"line":82,"column":49}},"20":{"start":{"line":83,"column":30},"end":{"line":83,"column":44}},"21":{"start":{"line":85,"column":4},"end":{"line":87,"column":null}},"22":{"start":{"line":86,"column":8},"end":{"line":86,"column":22}},"23":{"start":{"line":88,"column":4},"end":{"line":90,"column":null}},"24":{"start":{"line":89,"column":8},"end":{"line":89,"column":22}},"25":{"start":{"line":91,"column":4},"end":{"line":93,"column":null}},"26":{"start":{"line":92,"column":8},"end":{"line":92,"column":20}},"27":{"start":{"line":94,"column":4},"end":{"line":96,"column":null}},"28":{"start":{"line":95,"column":8},"end":{"line":95,"column":20}},"29":{"start":{"line":98,"column":4},"end":{"line":98,"column":43}},"30":{"start":{"line":78,"column":13},"end":{"line":78,"column":29}},"31":{"start":{"line":101,"column":28},"end":{"line":111,"column":1}},"32":{"start":{"line":102,"column":17},"end":{"line":102,"column":43}},"33":{"start":{"line":103,"column":15},"end":{"line":103,"column":41}},"34":{"start":{"line":105,"column":21},"end":{"line":105,"column":45}},"35":{"start":{"line":106,"column":19},"end":{"line":106,"column":41}},"36":{"start":{"line":108,"column":4},"end":{"line":110,"column":6}},"37":{"start":{"line":101,"column":13},"end":{"line":101,"column":28}},"38":{"start":{"line":113,"column":24},"end":{"line":746,"column":2}},"39":{"start":{"line":113,"column":45},"end":{"line":746,"column":2}},"40":{"start":{"line":113,"column":13},"end":{"line":113,"column":24}},"41":{"start":{"line":748,"column":25},"end":{"line":898,"column":2}},"42":{"start":{"line":748,"column":31},"end":{"line":898,"column":2}},"43":{"start":{"line":748,"column":13},"end":{"line":748,"column":25}}},"fnMap":{"0":{"name":"(anonymous_0)","decl":{"start":{"line":3,"column":13},"end":{"line":3,"column":14}},"loc":{"start":{"line":4,"column":4},"end":{"line":4,"column":32}}},"1":{"name":"(anonymous_1)","decl":{"start":{"line":6,"column":24},"end":{"line":6,"column":35}},"loc":{"start":{"line":7,"column":4},"end":{"line":7,"column":46}}},"2":{"name":"(anonymous_2)","decl":{"start":{"line":9,"column":21},"end":{"line":9,"column":39}},"loc":{"start":{"line":9,"column":42},"end":{"line":30,"column":2}}},"3":{"name":"(anonymous_3)","decl":{"start":{"line":32,"column":24},"end":{"line":32,"column":42}},"loc":{"start":{"line":32,"column":45},"end":{"line":53,"column":2}}},"4":{"name":"(anonymous_4)","decl":{"start":{"line":55,"column":22},"end":{"line":55,"column":40}},"loc":{"start":{"line":55,"column":43},"end":{"line":76,"column":2}}},"5":{"name":"(anonymous_5)","decl":{"start":{"line":78,"column":29},"end":{"line":78,"column":30}},"loc":{"start":{"line":78,"column":52},"end":{"line":99,"column":1}}},"6":{"name":"(anonymous_6)","decl":{"start":{"line":101,"column":28},"end":{"line":101,"column":39}},"loc":{"start":{"line":101,"column":41},"end":{"line":111,"column":1}}},"7":{"name":"(anonymous_7)","decl":{"start":{"line":113,"column":24},"end":{"line":113,"column":42}},"loc":{"start":{"line":113,"column":45},"end":{"line":746,"column":2}}},"8":{"name":"(anonymous_8)","decl":{"start":{"line":748,"column":25},"end":{"line":748,"column":28}},"loc":{"start":{"line":748,"column":31},"end":{"line":898,"column":2}}}},"branchMap":{"0":{"loc":{"start":{"line":85,"column":4},"end":{"line":87,"column":null}},"type":"if","locations":[{"start":{"line":85,"column":4},"end":{"line":87,"column":null}}]},"1":{"loc":{"start":{"line":88,"column":4},"end":{"line":90,"column":null}},"type":"if","locations":[{"start":{"line":88,"column":4},"end":{"line":90,"column":null}}]},"2":{"loc":{"start":{"line":91,"column":4},"end":{"line":93,"column":null}},"type":"if","locations":[{"start":{"line":91,"column":4},"end":{"line":93,"column":null}}]},"3":{"loc":{"start":{"line":94,"column":4},"end":{"line":96,"column":null}},"type":"if","locations":[{"start":{"line":94,"column":4},"end":{"line":96,"column":null}}]}},"s":{"0":1,"1":1,"2":0,"3":1,"4":0,"5":1,"6":1,"7":0,"8":1,"9":1,"10":20,"11":1,"12":1,"13":20,"14":1,"15":1,"16":20,"17":20,"18":20,"19":20,"20":20,"21":20,"22":18,"23":20,"24":4,"25":20,"26":1,"27":20,"28":8,"29":20,"30":1,"31":1,"32":20,"33":20,"34":20,"35":20,"36":20,"37":1,"38":1,"39":0,"40":1,"41":1,"42":0,"43":1},"f":{"0":0,"1":0,"2":0,"3":20,"4":20,"5":20,"6":20,"7":0,"8":0},"b":{"0":[18],"1":[4],"2":[1],"3":[8]}}
,"E:\\Sites\\my-app\\server\\src\\modules\\posts.ts": {"path":"E:\\Sites\\my-app\\server\\src\\modules\\posts.ts","statementMap":{"0":{"start":{"line":1,"column":0},"end":{"line":1,"column":78}},"1":{"start":{"line":19,"column":8},"end":{"line":19,"column":21}},"2":{"start":{"line":20,"column":8},"end":{"line":20,"column":27}},"3":{"start":{"line":21,"column":8},"end":{"line":21,"column":27}},"4":{"start":{"line":22,"column":8},"end":{"line":22,"column":31}},"5":{"start":{"line":23,"column":8},"end":{"line":23,"column":31}},"6":{"start":{"line":24,"column":8},"end":{"line":24,"column":31}},"7":{"start":{"line":32,"column":8},"end":{"line":32,"column":24}},"8":{"start":{"line":33,"column":8},"end":{"line":33,"column":24}},"9":{"start":{"line":35,"column":8},"end":{"line":48,"column":null}},"10":{"start":{"line":35,"column":21},"end":{"line":35,"column":22}},"11":{"start":{"line":36,"column":25},"end":{"line":36,"column":39}},"12":{"start":{"line":37,"column":25},"end":{"line":44,"column":null}},"13":{"start":{"line":46,"column":12},"end":{"line":46,"column":26}},"14":{"start":{"line":47,"column":12},"end":{"line":47,"column":34}},"15":{"start":{"line":51,"column":8},"end":{"line":51,"column":30}},"16":{"start":{"line":54,"column":8},"end":{"line":54,"column":51}},"17":{"start":{"line":54,"column":38},"end":{"line":54,"column":49}},"18":{"start":{"line":57,"column":8},"end":{"line":57,"column":26}},"19":{"start":{"line":60,"column":21},"end":{"line":60,"column":46}},"20":{"start":{"line":62,"column":24},"end":{"line":68,"column":null}},"21":{"start":{"line":71,"column":8},"end":{"line":71,"column":33}},"22":{"start":{"line":72,"column":8},"end":{"line":72,"column":22}},"23":{"start":{"line":74,"column":8},"end":{"line":74,"column":23}},"24":{"start":{"line":77,"column":27},"end":{"line":77,"column":39}},"25":{"start":{"line":80,"column":8},"end":{"line":80,"column":33}},"26":{"start":{"line":82,"column":8},"end":{"line":82,"column":37}},"27":{"start":{"line":84,"column":8},"end":{"line":84,"column":55}},"28":{"start":{"line":86,"column":8},"end":{"line":86,"column":26}},"29":{"start":{"line":89,"column":8},"end":{"line":89,"column":59}},"30":{"start":{"line":89,"column":46},"end":{"line":89,"column":57}},"31":{"start":{"line":92,"column":8},"end":{"line":92,"column":24}},"32":{"start":{"line":28,"column":0},"end":{"line":28,"column":13}}},"fnMap":{"0":{"name":"(anonymous_0)","decl":{"start":{"line":11,"column":4},"end":{"line":11,"column":null}},"loc":{"start":{"line":17,"column":23},"end":{"line":25,"column":5}}},"1":{"name":"(anonymous_1)","decl":{"start":{"line":31,"column":4},"end":{"line":31,"column":16}},"loc":{"start":{"line":31,"column":29},"end":{"line":49,"column":5}}},"2":{"name":"(anonymous_2)","decl":{"start":{"line":50,"column":4},"end":{"line":50,"column":7}},"loc":{"start":{"line":50,"column":18},"end":{"line":52,"column":5}}},"3":{"name":"(anonymous_3)","decl":{"start":{"line":53,"column":4},"end":{"line":53,"column":7}},"loc":{"start":{"line":53,"column":18},"end":{"line":55,"column":5}}},"4":{"name":"(anonymous_4)","decl":{"start":{"line":54,"column":31},"end":{"line":54,"column":32}},"loc":{"start":{"line":54,"column":38},"end":{"line":54,"column":49}}},"5":{"name":"(anonymous_5)","decl":{"start":{"line":56,"column":4},"end":{"line":56,"column":10}},"loc":{"start":{"line":56,"column":10},"end":{"line":58,"column":5}}},"6":{"name":"(anonymous_6)","decl":{"start":{"line":59,"column":4},"end":{"line":59,"column":7}},"loc":{"start":{"line":59,"column":38},"end":{"line":75,"column":5}}},"7":{"name":"(anonymous_7)","decl":{"start":{"line":76,"column":4},"end":{"line":76,"column":10}},"loc":{"start":{"line":76,"column":53},"end":{"line":87,"column":5}}},"8":{"name":"(anonymous_8)","decl":{"start":{"line":88,"column":4},"end":{"line":88,"column":10}},"loc":{"start":{"line":88,"column":21},"end":{"line":90,"column":5}}},"9":{"name":"(anonymous_9)","decl":{"start":{"line":89,"column":39},"end":{"line":89,"column":40}},"loc":{"start":{"line":89,"column":46},"end":{"line":89,"column":57}}},"10":{"name":"(anonymous_10)","decl":{"start":{"line":91,"column":4},"end":{"line":91,"column":9}},"loc":{"start":{"line":91,"column":9},"end":{"line":93,"column":5}}}},"branchMap":{},"s":{"0":1,"1":20,"2":20,"3":20,"4":20,"5":20,"6":20,"7":1,"8":1,"9":1,"10":1,"11":20,"12":20,"13":20,"14":20,"15":0,"16":0,"17":0,"18":0,"19":0,"20":0,"21":0,"22":0,"23":0,"24":0,"25":0,"26":0,"27":0,"28":0,"29":0,"30":0,"31":1,"32":1},"f":{"0":20,"1":1,"2":0,"3":0,"4":0,"5":0,"6":0,"7":0,"8":0,"9":0,"10":1},"b":{}}
}
