TN:
SF:src\index.ts
FN:15,(anonymous_1)
FN:19,(anonymous_2)
FN:23,(anonymous_3)
FN:35,(anonymous_4)
FN:50,(anonymous_5)
FN:71,(anonymous_6)
FN:83,(anonymous_7)
FN:88,(anonymous_8)
FNF:8
FNH:2
FNDA:0,(anonymous_1)
FNDA:0,(anonymous_2)
FNDA:0,(anonymous_3)
FNDA:0,(anonymous_4)
FNDA:0,(anonymous_5)
FNDA:0,(anonymous_6)
FNDA:1,(anonymous_7)
FNDA:1,(anonymous_8)
DA:1,1
DA:2,1
DA:3,1
DA:4,1
DA:5,1
DA:6,1
DA:8,1
DA:10,1
DA:12,1
DA:13,1
DA:15,1
DA:16,0
DA:19,1
DA:20,0
DA:23,1
DA:24,0
DA:26,0
DA:27,0
DA:28,0
DA:30,0
DA:31,0
DA:35,1
DA:36,0
DA:38,0
DA:39,0
DA:42,0
DA:45,0
DA:47,0
DA:50,1
DA:51,0
DA:52,0
DA:54,0
DA:55,0
DA:56,0
DA:59,0
DA:60,0
DA:63,0
DA:66,0
DA:68,0
DA:71,1
DA:72,0
DA:73,0
DA:74,0
DA:75,0
DA:78,0
DA:80,0
DA:83,1
DA:84,1
DA:85,1
DA:88,1
DA:89,1
LF:51
LH:21
BRDA:26,0,0,0
BRDA:26,0,1,0
BRDA:38,1,0,0
BRDA:38,2,0,0
BRDA:38,2,1,0
BRDA:38,2,2,0
BRDA:38,2,3,0
BRDA:54,3,0,0
BRDA:59,4,0,0
BRDA:59,5,0,0
BRDA:59,5,1,0
BRDA:59,5,2,0
BRDA:59,5,3,0
BRDA:73,6,0,0
BRF:14
BRH:0
end_of_record
TN:
SF:src\assets\helper.ts
FN:15,(anonymous_0)
FN:22,(anonymous_1)
FN:26,(anonymous_2)
FNF:3
FNH:0
FNDA:0,(anonymous_0)
FNDA:0,(anonymous_1)
FNDA:0,(anonymous_2)
DA:1,1
DA:16,0
DA:17,0
DA:18,0
DA:22,1
DA:23,0
DA:26,1
DA:27,0
LF:8
LH:3
BRDA:16,0,0,0
BRDA:16,0,1,0
BRDA:26,1,0,0
BRF:3
BRH:0
end_of_record
TN:
SF:src\assets\items.ts
FN:3,(anonymous_0)
FN:6,(anonymous_1)
FN:9,(anonymous_2)
FN:32,(anonymous_3)
FN:55,(anonymous_4)
FN:78,(anonymous_5)
FN:101,(anonymous_6)
FN:113,(anonymous_7)
FN:748,(anonymous_8)
FNF:9
FNH:4
FNDA:0,(anonymous_0)
FNDA:0,(anonymous_1)
FNDA:0,(anonymous_2)
FNDA:20,(anonymous_3)
FNDA:20,(anonymous_4)
FNDA:20,(anonymous_5)
FNDA:20,(anonymous_6)
FNDA:0,(anonymous_7)
FNDA:0,(anonymous_8)
DA:1,1
DA:3,1
DA:4,0
DA:6,1
DA:7,0
DA:9,1
DA:32,20
DA:55,20
DA:78,1
DA:79,20
DA:80,20
DA:81,20
DA:82,20
DA:83,20
DA:85,20
DA:86,18
DA:88,20
DA:89,4
DA:91,20
DA:92,1
DA:94,20
DA:95,8
DA:98,20
DA:101,1
DA:102,20
DA:103,20
DA:105,20
DA:106,20
DA:108,20
DA:113,1
DA:748,1
LF:31
LH:29
BRDA:85,0,0,18
BRDA:88,1,0,4
BRDA:91,2,0,1
BRDA:94,3,0,8
BRF:4
BRH:4
end_of_record
TN:
SF:src\modules\postsController.ts
FN:11,(anonymous_0)
FN:31,(anonymous_1)
FN:50,(anonymous_2)
FN:53,(anonymous_3)
FN:54,(anonymous_4)
FN:56,(anonymous_5)
FN:59,(anonymous_6)
FN:76,(anonymous_7)
FN:88,(anonymous_8)
FN:89,(anonymous_9)
FN:91,(anonymous_10)
FNF:11
FNH:3
FNDA:20,(anonymous_0)
FNDA:1,(anonymous_1)
FNDA:0,(anonymous_2)
FNDA:0,(anonymous_3)
FNDA:0,(anonymous_4)
FNDA:0,(anonymous_5)
FNDA:0,(anonymous_6)
FNDA:0,(anonymous_7)
FNDA:0,(anonymous_8)
FNDA:0,(anonymous_9)
FNDA:1,(anonymous_10)
DA:1,1
DA:19,20
DA:20,20
DA:21,20
DA:22,20
DA:23,20
DA:24,20
DA:28,1
DA:32,1
DA:33,1
DA:35,1
DA:36,20
DA:37,20
DA:46,20
DA:47,20
DA:51,0
DA:54,0
DA:57,0
DA:60,0
DA:62,0
DA:71,0
DA:72,0
DA:74,0
DA:77,0
DA:80,0
DA:82,0
DA:84,0
DA:86,0
DA:89,0
DA:92,1
LF:30
LH:16
BRF:0
BRH:0
end_of_record
